# JRE version: OpenJDK Runtime Environment Temurin-21.0.9+10 (21.0.9+10) (build 21.0.9+10-LTS)
# Java VM: OpenJDK 64-Bit Server VM Temurin-21.0.9+10 (21.0.9+10-LTS, mixed mode, sharing, tiered, compressed oops, compressed class ptrs, parallel gc, windows-amd64)
GC Precious Log:
 CardTable entry size: 512
 CPUs: 4 total, 4 available
 Memory: 7885M
 Large Page Support: Disabled
 NUMA Support: Disabled
 Compressed Oops: Enabled (32-bit)
 Alignments: Space 512K, Generation 512K, Heap 2M
 Heap Min Capacity: 100M
 Heap Initial Capacity: 100M
 Heap Max Capacity: 2G
 Pre-touch: Disabled
 Parallel Workers: 4
Heap:
 PSYoungGen      total 18432K, used 16146K [0x00000000d5580000, 0x00000000d6a00000, 0x0000000100000000)
  eden space 17920K, 87% used [0x00000000d5580000,0x00000000d64c4be8,0x00000000d6700000)
  from space 512K, 100% used [0x00000000d6900000,0x00000000d6980000,0x00000000d6980000)
  to   space 512K, 0% used [0x00000000d6980000,0x00000000d6980000,0x00000000d6a00000)
 ParOldGen       total 68608K, used 61473K [0x0000000080000000, 0x0000000084300000, 0x00000000d5580000)
  object space 68608K, 89% used [0x0000000080000000,0x0000000083c08720,0x0000000084300000)
 Metaspace       used 64648K, committed 66048K, reserved 1114112K
  class space    used 6753K, committed 7360K, reserved 1048576K
GC Heap History (20 events):
Event: 24.291 GC heap before
{Heap before GC invocations=55 (full 3):
 PSYoungGen      total 18944K, used 18272K [0x00000000d5580000, 0x00000000d6a80000, 0x0000000100000000)
  eden space 17920K, 100% used [0x00000000d5580000,0x00000000d6700000,0x00000000d6700000)
  from space 1024K, 34% used [0x00000000d6880000,0x00000000d68d8000,0x00000000d6980000)
  to   space 512K, 0% used [0x00000000d6a00000,0x00000000d6a00000,0x00000000d6a80000)
 ParOldGen       total 68608K, used 59016K [0x0000000080000000, 0x0000000084300000, 0x00000000d5580000)
  object space 68608K, 86% used [0x0000000080000000,0x00000000839a21d0,0x0000000084300000)
 Metaspace       used 63154K, committed 64512K, reserved 1114112K
  class space    used 6581K, committed 7168K, reserved 1048576K
}
Event: 24.294 GC heap after
{Heap after GC invocations=55 (full 3):
 PSYoungGen      total 18432K, used 509K [0x00000000d5580000, 0x00000000d6b00000, 0x0000000100000000)
  eden space 17920K, 0% used [0x00000000d5580000,0x00000000d5580000,0x00000000d6700000)
  from space 512K, 99% used [0x00000000d6a00000,0x00000000d6a7f770,0x00000000d6a80000)
  to   space 2048K, 0% used [0x00000000d6700000,0x00000000d6700000,0x00000000d6900000)
 ParOldGen       total 68608K, used 59874K [0x0000000080000000, 0x0000000084300000, 0x00000000d5580000)
  object space 68608K, 87% used [0x0000000080000000,0x0000000083a78a90,0x0000000084300000)
 Metaspace       used 63154K, committed 64512K, reserved 1114112K
  class space    used 6581K, committed 7168K, reserved 1048576K
}
Event: 24.339 GC heap before
{Heap before GC invocations=56 (full 3):
 PSYoungGen      total 18432K, used 18429K [0x00000000d5580000, 0x00000000d6b00000, 0x0000000100000000)
  eden space 17920K, 100% used [0x00000000d5580000,0x00000000d6700000,0x00000000d6700000)
  from space 512K, 99% used [0x00000000d6a00000,0x00000000d6a7f770,0x00000000d6a80000)
  to   space 2048K, 0% used [0x00000000d6700000,0x00000000d6700000,0x00000000d6900000)
 ParOldGen       total 68608K, used 59874K [0x0000000080000000, 0x0000000084300000, 0x00000000d5580000)
  object space 68608K, 87% used [0x0000000080000000,0x0000000083a78a90,0x0000000084300000)
 Metaspace       used 63155K, committed 64512K, reserved 1114112K
  class space    used 6581K, committed 7168K, reserved 1048576K
}
Event: 24.340 GC heap after
{Heap after GC invocations=56 (full 3):
 PSYoungGen      total 19968K, used 511K [0x00000000d5580000, 0x00000000d6a80000, 0x0000000100000000)
  eden space 17920K, 0% used [0x00000000d5580000,0x00000000d5580000,0x00000000d6700000)
  from space 2048K, 24% used [0x00000000d6700000,0x00000000d677ff80,0x00000000d6900000)
  to   space 1024K, 0% used [0x00000000d6980000,0x00000000d6980000,0x00000000d6a80000)
 ParOldGen       total 68608K, used 60010K [0x0000000080000000, 0x0000000084300000, 0x00000000d5580000)
  object space 68608K, 87% used [0x0000000080000000,0x0000000083a9aa90,0x0000000084300000)
 Metaspace       used 63155K, committed 64512K, reserved 1114112K
  class space    used 6581K, committed 7168K, reserved 1048576K
}
Event: 24.381 GC heap before
{Heap before GC invocations=57 (full 3):
 PSYoungGen      total 19968K, used 18431K [0x00000000d5580000, 0x00000000d6a80000, 0x0000000100000000)
  eden space 17920K, 100% used [0x00000000d5580000,0x00000000d6700000,0x00000000d6700000)
  from space 2048K, 24% used [0x00000000d6700000,0x00000000d677ff80,0x00000000d6900000)
  to   space 1024K, 0% used [0x00000000d6980000,0x00000000d6980000,0x00000000d6a80000)
 ParOldGen       total 68608K, used 60010K [0x0000000080000000, 0x0000000084300000, 0x00000000d5580000)
  object space 68608K, 87% used [0x0000000080000000,0x0000000083a9aa90,0x0000000084300000)
 Metaspace       used 63155K, committed 64512K, reserved 1114112K
  class space    used 6581K, committed 7168K, reserved 1048576K
}
Event: 24.382 GC heap after
{Heap after GC invocations=57 (full 3):
 PSYoungGen      total 18432K, used 278K [0x00000000d5580000, 0x00000000d6a00000, 0x0000000100000000)
  eden space 17920K, 0% used [0x00000000d5580000,0x00000000d5580000,0x00000000d6700000)
  from space 512K, 54% used [0x00000000d6980000,0x00000000d69c59f0,0x00000000d6a00000)
  to   space 512K, 0% used [0x00000000d6900000,0x00000000d6900000,0x00000000d6980000)
 ParOldGen       total 68608K, used 60258K [0x0000000080000000, 0x0000000084300000, 0x00000000d5580000)
  object space 68608K, 87% used [0x0000000080000000,0x0000000083ad8a90,0x0000000084300000)
 Metaspace       used 63155K, committed 64512K, reserved 1114112K
  class space    used 6581K, committed 7168K, reserved 1048576K
}
Event: 24.423 GC heap before
{Heap before GC invocations=58 (full 3):
 PSYoungGen      total 18432K, used 18198K [0x00000000d5580000, 0x00000000d6a00000, 0x0000000100000000)
  eden space 17920K, 100% used [0x00000000d5580000,0x00000000d6700000,0x00000000d6700000)
  from space 512K, 54% used [0x00000000d6980000,0x00000000d69c59f0,0x00000000d6a00000)
  to   space 512K, 0% used [0x00000000d6900000,0x00000000d6900000,0x00000000d6980000)
 ParOldGen       total 68608K, used 60258K [0x0000000080000000, 0x0000000084300000, 0x00000000d5580000)
  object space 68608K, 87% used [0x0000000080000000,0x0000000083ad8a90,0x0000000084300000)
 Metaspace       used 63158K, committed 64512K, reserved 1114112K
  class space    used 6581K, committed 7168K, reserved 1048576K
}
Event: 24.425 GC heap after
{Heap after GC invocations=58 (full 3):
 PSYoungGen      total 18432K, used 415K [0x00000000d5580000, 0x00000000d6a00000, 0x0000000100000000)
  eden space 17920K, 0% used [0x00000000d5580000,0x00000000d5580000,0x00000000d6700000)
  from space 512K, 81% used [0x00000000d6900000,0x00000000d6967cc8,0x00000000d6980000)
  to   space 512K, 0% used [0x00000000d6980000,0x00000000d6980000,0x00000000d6a00000)
 ParOldGen       total 68608K, used 60298K [0x0000000080000000, 0x0000000084300000, 0x00000000d5580000)
  object space 68608K, 87% used [0x0000000080000000,0x0000000083ae2a90,0x0000000084300000)
 Metaspace       used 63158K, committed 64512K, reserved 1114112K
  class space    used 6581K, committed 7168K, reserved 1048576K
}
Event: 24.474 GC heap before
{Heap before GC invocations=59 (full 3):
 PSYoungGen      total 18432K, used 18335K [0x00000000d5580000, 0x00000000d6a00000, 0x0000000100000000)
  eden space 17920K, 100% used [0x00000000d5580000,0x00000000d6700000,0x00000000d6700000)
  from space 512K, 81% used [0x00000000d6900000,0x00000000d6967cc8,0x00000000d6980000)
  to   space 512K, 0% used [0x00000000d6980000,0x00000000d6980000,0x00000000d6a00000)
 ParOldGen       total 68608K, used 60298K [0x0000000080000000, 0x0000000084300000, 0x00000000d5580000)
  object space 68608K, 87% used [0x0000000080000000,0x0000000083ae2a90,0x0000000084300000)
 Metaspace       used 63159K, committed 64512K, reserved 1114112K
  class space    used 6581K, committed 7168K, reserved 1048576K
}
Event: 24.475 GC heap after
{Heap after GC invocations=59 (full 3):
 PSYoungGen      total 18432K, used 224K [0x00000000d5580000, 0x00000000d6a00000, 0x0000000100000000)
  eden space 17920K, 0% used [0x00000000d5580000,0x00000000d5580000,0x00000000d6700000)
  from space 512K, 43% used [0x00000000d6980000,0x00000000d69b8000,0x00000000d6a00000)
  to   space 512K, 0% used [0x00000000d6900000,0x00000000d6900000,0x00000000d6980000)
 ParOldGen       total 68608K, used 60330K [0x0000000080000000, 0x0000000084300000, 0x00000000d5580000)
  object space 68608K, 87% used [0x0000000080000000,0x0000000083aeaa90,0x0000000084300000)
 Metaspace       used 63159K, committed 64512K, reserved 1114112K
  class space    used 6581K, committed 7168K, reserved 1048576K
}
Event: 24.810 GC heap before
{Heap before GC invocations=60 (full 3):
 PSYoungGen      total 18432K, used 18144K [0x00000000d5580000, 0x00000000d6a00000, 0x0000000100000000)
  eden space 17920K, 100% used [0x00000000d5580000,0x00000000d6700000,0x00000000d6700000)
  from space 512K, 43% used [0x00000000d6980000,0x00000000d69b8000,0x00000000d6a00000)
  to   space 512K, 0% used [0x00000000d6900000,0x00000000d6900000,0x00000000d6980000)
 ParOldGen       total 68608K, used 60330K [0x0000000080000000, 0x0000000084300000, 0x00000000d5580000)
  object space 68608K, 87% used [0x0000000080000000,0x0000000083aeaa90,0x0000000084300000)
 Metaspace       used 63262K, committed 64640K, reserved 1114112K
  class space    used 6593K, committed 7232K, reserved 1048576K
}
Event: 24.811 GC heap after
{Heap after GC invocations=60 (full 3):
 PSYoungGen      total 18432K, used 454K [0x00000000d5580000, 0x00000000d6a00000, 0x0000000100000000)
  eden space 17920K, 0% used [0x00000000d5580000,0x00000000d5580000,0x00000000d6700000)
  from space 512K, 88% used [0x00000000d6900000,0x00000000d69718d0,0x00000000d6980000)
  to   space 512K, 0% used [0x00000000d6980000,0x00000000d6980000,0x00000000d6a00000)
 ParOldGen       total 68608K, used 60378K [0x0000000080000000, 0x0000000084300000, 0x00000000d5580000)
  object space 68608K, 88% used [0x0000000080000000,0x0000000083af6a90,0x0000000084300000)
 Metaspace       used 63262K, committed 64640K, reserved 1114112K
  class space    used 6593K, committed 7232K, reserved 1048576K
}
Event: 24.882 GC heap before
{Heap before GC invocations=61 (full 3):
 PSYoungGen      total 18432K, used 18374K [0x00000000d5580000, 0x00000000d6a00000, 0x0000000100000000)
  eden space 17920K, 100% used [0x00000000d5580000,0x00000000d6700000,0x00000000d6700000)
  from space 512K, 88% used [0x00000000d6900000,0x00000000d69718d0,0x00000000d6980000)
  to   space 512K, 0% used [0x00000000d6980000,0x00000000d6980000,0x00000000d6a00000)
 ParOldGen       total 68608K, used 60378K [0x0000000080000000, 0x0000000084300000, 0x00000000d5580000)
  object space 68608K, 88% used [0x0000000080000000,0x0000000083af6a90,0x0000000084300000)
 Metaspace       used 63271K, committed 64704K, reserved 1114112K
  class space    used 6593K, committed 7232K, reserved 1048576K
}
Event: 24.884 GC heap after
{Heap after GC invocations=61 (full 3):
 PSYoungGen      total 18432K, used 509K [0x00000000d5580000, 0x00000000d6a00000, 0x0000000100000000)
  eden space 17920K, 0% used [0x00000000d5580000,0x00000000d5580000,0x00000000d6700000)
  from space 512K, 99% used [0x00000000d6980000,0x00000000d69ff770,0x00000000d6a00000)
  to   space 1024K, 0% used [0x00000000d6800000,0x00000000d6800000,0x00000000d6900000)
 ParOldGen       total 68608K, used 60791K [0x0000000080000000, 0x0000000084300000, 0x00000000d5580000)
  object space 68608K, 88% used [0x0000000080000000,0x0000000083b5dc90,0x0000000084300000)
 Metaspace       used 63271K, committed 64704K, reserved 1114112K
  class space    used 6593K, committed 7232K, reserved 1048576K
}
Event: 24.937 GC heap before
{Heap before GC invocations=62 (full 3):
 PSYoungGen      total 18432K, used 18429K [0x00000000d5580000, 0x00000000d6a00000, 0x0000000100000000)
  eden space 17920K, 100% used [0x00000000d5580000,0x00000000d6700000,0x00000000d6700000)
  from space 512K, 99% used [0x00000000d6980000,0x00000000d69ff770,0x00000000d6a00000)
  to   space 1024K, 0% used [0x00000000d6800000,0x00000000d6800000,0x00000000d6900000)
 ParOldGen       total 68608K, used 60791K [0x0000000080000000, 0x0000000084300000, 0x00000000d5580000)
  object space 68608K, 88% used [0x0000000080000000,0x0000000083b5dc90,0x0000000084300000)
 Metaspace       used 63271K, committed 64704K, reserved 1114112K
  class space    used 6593K, committed 7232K, reserved 1048576K
}
Event: 24.938 GC heap after
{Heap after GC invocations=62 (full 3):
 PSYoungGen      total 18944K, used 208K [0x00000000d5580000, 0x00000000d6a00000, 0x0000000100000000)
  eden space 17920K, 0% used [0x00000000d5580000,0x00000000d5580000,0x00000000d6700000)
  from space 1024K, 20% used [0x00000000d6800000,0x00000000d68343d8,0x00000000d6900000)
  to   space 512K, 0% used [0x00000000d6980000,0x00000000d6980000,0x00000000d6a00000)
 ParOldGen       total 68608K, used 60903K [0x0000000080000000, 0x0000000084300000, 0x00000000d5580000)
  object space 68608K, 88% used [0x0000000080000000,0x0000000083b79c90,0x0000000084300000)
 Metaspace       used 63271K, committed 64704K, reserved 1114112K
  class space    used 6593K, committed 7232K, reserved 1048576K
}
Event: 25.715 GC heap before
{Heap before GC invocations=63 (full 3):
 PSYoungGen      total 18944K, used 18128K [0x00000000d5580000, 0x00000000d6a00000, 0x0000000100000000)
  eden space 17920K, 100% used [0x00000000d5580000,0x00000000d6700000,0x00000000d6700000)
  from space 1024K, 20% used [0x00000000d6800000,0x00000000d68343d8,0x00000000d6900000)
  to   space 512K, 0% used [0x00000000d6980000,0x00000000d6980000,0x00000000d6a00000)
 ParOldGen       total 68608K, used 60903K [0x0000000080000000, 0x0000000084300000, 0x00000000d5580000)
  object space 68608K, 88% used [0x0000000080000000,0x0000000083b79c90,0x0000000084300000)
 Metaspace       used 64192K, committed 65664K, reserved 1114112K
  class space    used 6737K, committed 7360K, reserved 1048576K
}
Event: 25.716 GC heap after
{Heap after GC invocations=63 (full 3):
 PSYoungGen      total 18432K, used 434K [0x00000000d5580000, 0x00000000d6a00000, 0x0000000100000000)
  eden space 17920K, 0% used [0x00000000d5580000,0x00000000d5580000,0x00000000d6700000)
  from space 512K, 84% used [0x00000000d6980000,0x00000000d69ec8b8,0x00000000d6a00000)
  to   space 512K, 0% used [0x00000000d6900000,0x00000000d6900000,0x00000000d6980000)
 ParOldGen       total 68608K, used 60975K [0x0000000080000000, 0x0000000084300000, 0x00000000d5580000)
  object space 68608K, 88% used [0x0000000080000000,0x0000000083b8bc90,0x0000000084300000)
 Metaspace       used 64192K, committed 65664K, reserved 1114112K
  class space    used 6737K, committed 7360K, reserved 1048576K
}
Event: 32.762 GC heap before
{Heap before GC invocations=64 (full 3):
 PSYoungGen      total 18432K, used 18354K [0x00000000d5580000, 0x00000000d6a00000, 0x0000000100000000)
  eden space 17920K, 100% used [0x00000000d5580000,0x00000000d6700000,0x00000000d6700000)
  from space 512K, 84% used [0x00000000d6980000,0x00000000d69ec8b8,0x00000000d6a00000)
  to   space 512K, 0% used [0x00000000d6900000,0x00000000d6900000,0x00000000d6980000)
 ParOldGen       total 68608K, used 60975K [0x0000000080000000, 0x0000000084300000, 0x00000000d5580000)
  object space 68608K, 88% used [0x0000000080000000,0x0000000083b8bc90,0x0000000084300000)
 Metaspace       used 64587K, committed 65984K, reserved 1114112K
  class space    used 6753K, committed 7360K, reserved 1048576K
}
Event: 32.766 GC heap after
{Heap after GC invocations=64 (full 3):
 PSYoungGen      total 18432K, used 512K [0x00000000d5580000, 0x00000000d6a00000, 0x0000000100000000)
  eden space 17920K, 0% used [0x00000000d5580000,0x00000000d5580000,0x00000000d6700000)
  from space 512K, 100% used [0x00000000d6900000,0x00000000d6980000,0x00000000d6980000)
  to   space 512K, 0% used [0x00000000d6980000,0x00000000d6980000,0x00000000d6a00000)
 ParOldGen       total 68608K, used 61473K [0x0000000080000000, 0x0000000084300000, 0x00000000d5580000)
  object space 68608K, 89% used [0x0000000080000000,0x0000000083c08720,0x0000000084300000)
 Metaspace       used 64587K, committed 65984K, reserved 1114112K
  class space    used 6753K, committed 7360K, reserved 1048576K
}

