# JRE version: OpenJDK Runtime Environment Temurin-21.0.9+10 (21.0.9+10) (build 21.0.9+10-LTS)
# Java VM: OpenJDK 64-Bit Server VM Temurin-21.0.9+10 (21.0.9+10-LTS, mixed mode, sharing, tiered, compressed oops, compressed class ptrs, parallel gc, windows-amd64)
GC Precious Log:
 CardTable entry size: 512
 CPUs: 4 total, 4 available
 Memory: 7885M
 Large Page Support: Disabled
 NUMA Support: Disabled
 Compressed Oops: Enabled (32-bit)
 Alignments: Space 512K, Generation 512K, Heap 2M
 Heap Min Capacity: 100M
 Heap Initial Capacity: 100M
 Heap Max Capacity: 2G
 Pre-touch: Disabled
 Parallel Workers: 4
Heap:
 PSYoungGen      total 10240K, used 9584K [0x00000000d5580000, 0x00000000d6480000, 0x0000000100000000)
  eden space 5120K, 94% used [0x00000000d5580000,0x00000000d5a3c090,0x00000000d5a80000)
  from space 5120K, 92% used [0x00000000d5a80000,0x00000000d5f20000,0x00000000d5f80000)
  to   space 5120K, 0% used [0x00000000d5f80000,0x00000000d5f80000,0x00000000d6480000)
 ParOldGen       total 795648K, used 186650K [0x0000000080000000, 0x00000000b0900000, 0x00000000d5580000)
  object space 795648K, 23% used [0x0000000080000000,0x000000008b646848,0x00000000b0900000)
 Metaspace       used 71436K, committed 72896K, reserved 1114112K
  class space    used 7218K, committed 7936K, reserved 1048576K
GC Heap History (20 events):
Event: 6537.902 GC heap before
{Heap before GC invocations=368 (full 4):
 PSYoungGen      total 5120K, used 5117K [0x00000000d5580000, 0x00000000d5f80000, 0x0000000100000000)
  eden space 4096K, 100% used [0x00000000d5580000,0x00000000d5980000,0x00000000d5980000)
  from space 1024K, 99% used [0x00000000d5b00000,0x00000000d5bff608,0x00000000d5c00000)
  to   space 3072K, 0% used [0x00000000d5c80000,0x00000000d5c80000,0x00000000d5f80000)
 ParOldGen       total 795648K, used 129952K [0x0000000080000000, 0x00000000b0900000, 0x00000000d5580000)
  object space 795648K, 16% used [0x0000000080000000,0x0000000087ee8150,0x00000000b0900000)
 Metaspace       used 71363K, committed 72896K, reserved 1114112K
  class space    used 7209K, committed 7936K, reserved 1048576K
}
Event: 6537.909 GC heap after
{Heap after GC invocations=368 (full 4):
 PSYoungGen      total 7168K, used 2669K [0x00000000d5580000, 0x00000000d5f80000, 0x0000000100000000)
  eden space 4096K, 0% used [0x00000000d5580000,0x00000000d5580000,0x00000000d5980000)
  from space 3072K, 86% used [0x00000000d5c80000,0x00000000d5f1b740,0x00000000d5f80000)
  to   space 3072K, 0% used [0x00000000d5980000,0x00000000d5980000,0x00000000d5c80000)
 ParOldGen       total 795648K, used 130957K [0x0000000080000000, 0x00000000b0900000, 0x00000000d5580000)
  object space 795648K, 16% used [0x0000000080000000,0x0000000087fe3538,0x00000000b0900000)
 Metaspace       used 71363K, committed 72896K, reserved 1114112K
  class space    used 7209K, committed 7936K, reserved 1048576K
}
Event: 6537.940 GC heap before
{Heap before GC invocations=369 (full 4):
 PSYoungGen      total 7168K, used 6765K [0x00000000d5580000, 0x00000000d5f80000, 0x0000000100000000)
  eden space 4096K, 100% used [0x00000000d5580000,0x00000000d5980000,0x00000000d5980000)
  from space 3072K, 86% used [0x00000000d5c80000,0x00000000d5f1b740,0x00000000d5f80000)
  to   space 3072K, 0% used [0x00000000d5980000,0x00000000d5980000,0x00000000d5c80000)
 ParOldGen       total 795648K, used 130957K [0x0000000080000000, 0x00000000b0900000, 0x00000000d5580000)
  object space 795648K, 16% used [0x0000000080000000,0x0000000087fe3538,0x00000000b0900000)
 Metaspace       used 71365K, committed 72896K, reserved 1114112K
  class space    used 7209K, committed 7936K, reserved 1048576K
}
Event: 6537.953 GC heap after
{Heap after GC invocations=369 (full 4):
 PSYoungGen      total 5120K, used 544K [0x00000000d5580000, 0x00000000d5d00000, 0x0000000100000000)
  eden space 4096K, 0% used [0x00000000d5580000,0x00000000d5580000,0x00000000d5980000)
  from space 1024K, 53% used [0x00000000d5980000,0x00000000d5a08020,0x00000000d5a80000)
  to   space 1536K, 0% used [0x00000000d5b80000,0x00000000d5b80000,0x00000000d5d00000)
 ParOldGen       total 795648K, used 133537K [0x0000000080000000, 0x00000000b0900000, 0x00000000d5580000)
  object space 795648K, 16% used [0x0000000080000000,0x00000000882687c0,0x00000000b0900000)
 Metaspace       used 71365K, committed 72896K, reserved 1114112K
  class space    used 7209K, committed 7936K, reserved 1048576K
}
Event: 6537.979 GC heap before
{Heap before GC invocations=370 (full 4):
 PSYoungGen      total 5120K, used 4640K [0x00000000d5580000, 0x00000000d5d00000, 0x0000000100000000)
  eden space 4096K, 100% used [0x00000000d5580000,0x00000000d5980000,0x00000000d5980000)
  from space 1024K, 53% used [0x00000000d5980000,0x00000000d5a08020,0x00000000d5a80000)
  to   space 1536K, 0% used [0x00000000d5b80000,0x00000000d5b80000,0x00000000d5d00000)
 ParOldGen       total 795648K, used 133537K [0x0000000080000000, 0x00000000b0900000, 0x00000000d5580000)
  object space 795648K, 16% used [0x0000000080000000,0x00000000882687c0,0x00000000b0900000)
 Metaspace       used 71384K, committed 72896K, reserved 1114112K
  class space    used 7213K, committed 7936K, reserved 1048576K
}
Event: 6537.983 GC heap after
{Heap after GC invocations=370 (full 4):
 PSYoungGen      total 4608K, used 256K [0x00000000d5580000, 0x00000000d5c00000, 0x0000000100000000)
  eden space 4096K, 0% used [0x00000000d5580000,0x00000000d5580000,0x00000000d5980000)
  from space 512K, 50% used [0x00000000d5b80000,0x00000000d5bc0000,0x00000000d5c00000)
  to   space 512K, 0% used [0x00000000d5b00000,0x00000000d5b00000,0x00000000d5b80000)
 ParOldGen       total 795648K, used 134009K [0x0000000080000000, 0x00000000b0900000, 0x00000000d5580000)
  object space 795648K, 16% used [0x0000000080000000,0x00000000882de7e0,0x00000000b0900000)
 Metaspace       used 71384K, committed 72896K, reserved 1114112K
  class space    used 7213K, committed 7936K, reserved 1048576K
}
Event: 6538.004 GC heap before
{Heap before GC invocations=371 (full 4):
 PSYoungGen      total 4608K, used 4352K [0x00000000d5580000, 0x00000000d5c00000, 0x0000000100000000)
  eden space 4096K, 100% used [0x00000000d5580000,0x00000000d5980000,0x00000000d5980000)
  from space 512K, 50% used [0x00000000d5b80000,0x00000000d5bc0000,0x00000000d5c00000)
  to   space 512K, 0% used [0x00000000d5b00000,0x00000000d5b00000,0x00000000d5b80000)
 ParOldGen       total 795648K, used 134009K [0x0000000080000000, 0x00000000b0900000, 0x00000000d5580000)
  object space 795648K, 16% used [0x0000000080000000,0x00000000882de7e0,0x00000000b0900000)
 Metaspace       used 71407K, committed 72896K, reserved 1114112K
  class space    used 7218K, committed 7936K, reserved 1048576K
}
Event: 6538.021 GC heap after
{Heap after GC invocations=371 (full 4):
 PSYoungGen      total 5632K, used 512K [0x00000000d5580000, 0x00000000d6380000, 0x0000000100000000)
  eden space 5120K, 0% used [0x00000000d5580000,0x00000000d5580000,0x00000000d5a80000)
  from space 512K, 100% used [0x00000000d5b00000,0x00000000d5b80000,0x00000000d5b80000)
  to   space 4608K, 0% used [0x00000000d5f00000,0x00000000d5f00000,0x00000000d6380000)
 ParOldGen       total 795648K, used 137367K [0x0000000080000000, 0x00000000b0900000, 0x00000000d5580000)
  object space 795648K, 17% used [0x0000000080000000,0x0000000088625db0,0x00000000b0900000)
 Metaspace       used 71407K, committed 72896K, reserved 1114112K
  class space    used 7218K, committed 7936K, reserved 1048576K
}
Event: 6538.068 GC heap before
{Heap before GC invocations=372 (full 4):
 PSYoungGen      total 5632K, used 5632K [0x00000000d5580000, 0x00000000d6380000, 0x0000000100000000)
  eden space 5120K, 100% used [0x00000000d5580000,0x00000000d5a80000,0x00000000d5a80000)
  from space 512K, 100% used [0x00000000d5b00000,0x00000000d5b80000,0x00000000d5b80000)
  to   space 4608K, 0% used [0x00000000d5f00000,0x00000000d5f00000,0x00000000d6380000)
 ParOldGen       total 795648K, used 137367K [0x0000000080000000, 0x00000000b0900000, 0x00000000d5580000)
  object space 795648K, 17% used [0x0000000080000000,0x0000000088625db0,0x00000000b0900000)
 Metaspace       used 71421K, committed 72896K, reserved 1114112K
  class space    used 7218K, committed 7936K, reserved 1048576K
}
Event: 6538.071 GC heap after
{Heap after GC invocations=372 (full 4):
 PSYoungGen      total 6144K, used 900K [0x00000000d5580000, 0x00000000d6000000, 0x0000000100000000)
  eden space 5120K, 0% used [0x00000000d5580000,0x00000000d5580000,0x00000000d5a80000)
  from space 1024K, 87% used [0x00000000d5f00000,0x00000000d5fe1210,0x00000000d6000000)
  to   space 2048K, 0% used [0x00000000d5c00000,0x00000000d5c00000,0x00000000d5e00000)
 ParOldGen       total 795648K, used 137895K [0x0000000080000000, 0x00000000b0900000, 0x00000000d5580000)
  object space 795648K, 17% used [0x0000000080000000,0x00000000886a9db0,0x00000000b0900000)
 Metaspace       used 71421K, committed 72896K, reserved 1114112K
  class space    used 7218K, committed 7936K, reserved 1048576K
}
Event: 6538.230 GC heap before
{Heap before GC invocations=373 (full 4):
 PSYoungGen      total 6144K, used 6020K [0x00000000d5580000, 0x00000000d6000000, 0x0000000100000000)
  eden space 5120K, 100% used [0x00000000d5580000,0x00000000d5a80000,0x00000000d5a80000)
  from space 1024K, 87% used [0x00000000d5f00000,0x00000000d5fe1210,0x00000000d6000000)
  to   space 2048K, 0% used [0x00000000d5c00000,0x00000000d5c00000,0x00000000d5e00000)
 ParOldGen       total 795648K, used 137895K [0x0000000080000000, 0x00000000b0900000, 0x00000000d5580000)
  object space 795648K, 17% used [0x0000000080000000,0x00000000886a9db0,0x00000000b0900000)
 Metaspace       used 71426K, committed 72896K, reserved 1114112K
  class space    used 7218K, committed 7936K, reserved 1048576K
}
Event: 6538.246 GC heap after
{Heap after GC invocations=373 (full 4):
 PSYoungGen      total 7168K, used 2048K [0x00000000d5580000, 0x00000000d6580000, 0x0000000100000000)
  eden space 5120K, 0% used [0x00000000d5580000,0x00000000d5580000,0x00000000d5a80000)
  from space 2048K, 100% used [0x00000000d5c00000,0x00000000d5e00000,0x00000000d5e00000)
  to   space 5632K, 0% used [0x00000000d6000000,0x00000000d6000000,0x00000000d6580000)
 ParOldGen       total 795648K, used 140380K [0x0000000080000000, 0x00000000b0900000, 0x00000000d5580000)
  object space 795648K, 17% used [0x0000000080000000,0x0000000088917040,0x00000000b0900000)
 Metaspace       used 71426K, committed 72896K, reserved 1114112K
  class space    used 7218K, committed 7936K, reserved 1048576K
}
Event: 6538.280 GC heap before
{Heap before GC invocations=374 (full 4):
 PSYoungGen      total 7168K, used 7168K [0x00000000d5580000, 0x00000000d6580000, 0x0000000100000000)
  eden space 5120K, 100% used [0x00000000d5580000,0x00000000d5a80000,0x00000000d5a80000)
  from space 2048K, 100% used [0x00000000d5c00000,0x00000000d5e00000,0x00000000d5e00000)
  to   space 5632K, 0% used [0x00000000d6000000,0x00000000d6000000,0x00000000d6580000)
 ParOldGen       total 795648K, used 140380K [0x0000000080000000, 0x00000000b0900000, 0x00000000d5580000)
  object space 795648K, 17% used [0x0000000080000000,0x0000000088917040,0x00000000b0900000)
 Metaspace       used 71426K, committed 72896K, reserved 1114112K
  class space    used 7218K, committed 7936K, reserved 1048576K
}
Event: 6538.296 GC heap after
{Heap after GC invocations=374 (full 4):
 PSYoungGen      total 10752K, used 5056K [0x00000000d5580000, 0x00000000d6580000, 0x0000000100000000)
  eden space 5120K, 0% used [0x00000000d5580000,0x00000000d5580000,0x00000000d5a80000)
  from space 5632K, 89% used [0x00000000d6000000,0x00000000d64f0000,0x00000000d6580000)
  to   space 5632K, 0% used [0x00000000d5a80000,0x00000000d5a80000,0x00000000d6000000)
 ParOldGen       total 795648K, used 142460K [0x0000000080000000, 0x00000000b0900000, 0x00000000d5580000)
  object space 795648K, 17% used [0x0000000080000000,0x0000000088b1f040,0x00000000b0900000)
 Metaspace       used 71426K, committed 72896K, reserved 1114112K
  class space    used 7218K, committed 7936K, reserved 1048576K
}
Event: 6538.386 GC heap before
{Heap before GC invocations=375 (full 4):
 PSYoungGen      total 10752K, used 10176K [0x00000000d5580000, 0x00000000d6580000, 0x0000000100000000)
  eden space 5120K, 100% used [0x00000000d5580000,0x00000000d5a80000,0x00000000d5a80000)
  from space 5632K, 89% used [0x00000000d6000000,0x00000000d64f0000,0x00000000d6580000)
  to   space 5632K, 0% used [0x00000000d5a80000,0x00000000d5a80000,0x00000000d6000000)
 ParOldGen       total 795648K, used 142460K [0x0000000080000000, 0x00000000b0900000, 0x00000000d5580000)
  object space 795648K, 17% used [0x0000000080000000,0x0000000088b1f040,0x00000000b0900000)
 Metaspace       used 71426K, committed 72896K, reserved 1114112K
  class space    used 7218K, committed 7936K, reserved 1048576K
}
Event: 6538.427 GC heap after
{Heap after GC invocations=375 (full 4):
 PSYoungGen      total 10752K, used 3600K [0x00000000d5580000, 0x00000000d6480000, 0x0000000100000000)
  eden space 5120K, 0% used [0x00000000d5580000,0x00000000d5580000,0x00000000d5a80000)
  from space 5632K, 63% used [0x00000000d5a80000,0x00000000d5e04000,0x00000000d6000000)
  to   space 4608K, 0% used [0x00000000d6000000,0x00000000d6000000,0x00000000d6480000)
 ParOldGen       total 795648K, used 147500K [0x0000000080000000, 0x00000000b0900000, 0x00000000d5580000)
  object space 795648K, 18% used [0x0000000080000000,0x000000008900b040,0x00000000b0900000)
 Metaspace       used 71426K, committed 72896K, reserved 1114112K
  class space    used 7218K, committed 7936K, reserved 1048576K
}
Event: 6538.573 GC heap before
{Heap before GC invocations=376 (full 4):
 PSYoungGen      total 10752K, used 8720K [0x00000000d5580000, 0x00000000d6480000, 0x0000000100000000)
  eden space 5120K, 100% used [0x00000000d5580000,0x00000000d5a80000,0x00000000d5a80000)
  from space 5632K, 63% used [0x00000000d5a80000,0x00000000d5e04000,0x00000000d6000000)
  to   space 4608K, 0% used [0x00000000d6000000,0x00000000d6000000,0x00000000d6480000)
 ParOldGen       total 795648K, used 155180K [0x0000000080000000, 0x00000000b0900000, 0x00000000d5580000)
  object space 795648K, 19% used [0x0000000080000000,0x000000008978b050,0x00000000b0900000)
 Metaspace       used 71426K, committed 72896K, reserved 1114112K
  class space    used 7218K, committed 7936K, reserved 1048576K
}
Event: 6538.594 GC heap after
{Heap after GC invocations=376 (full 4):
 PSYoungGen      total 9728K, used 4587K [0x00000000d5580000, 0x00000000d6480000, 0x0000000100000000)
  eden space 5120K, 0% used [0x00000000d5580000,0x00000000d5580000,0x00000000d5a80000)
  from space 4608K, 99% used [0x00000000d6000000,0x00000000d647afc0,0x00000000d6480000)
  to   space 5120K, 0% used [0x00000000d5a80000,0x00000000d5a80000,0x00000000d5f80000)
 ParOldGen       total 795648K, used 158728K [0x0000000080000000, 0x00000000b0900000, 0x00000000d5580000)
  object space 795648K, 19% used [0x0000000080000000,0x0000000089b02060,0x00000000b0900000)
 Metaspace       used 71426K, committed 72896K, reserved 1114112K
  class space    used 7218K, committed 7936K, reserved 1048576K
}
Event: 6538.624 GC heap before
{Heap before GC invocations=377 (full 4):
 PSYoungGen      total 9728K, used 9599K [0x00000000d5580000, 0x00000000d6480000, 0x0000000100000000)
  eden space 5120K, 97% used [0x00000000d5580000,0x00000000d5a64f40,0x00000000d5a80000)
  from space 4608K, 99% used [0x00000000d6000000,0x00000000d647afc0,0x00000000d6480000)
  to   space 5120K, 0% used [0x00000000d5a80000,0x00000000d5a80000,0x00000000d5f80000)
 ParOldGen       total 795648K, used 170248K [0x0000000080000000, 0x00000000b0900000, 0x00000000d5580000)
  object space 795648K, 21% used [0x0000000080000000,0x000000008a642070,0x00000000b0900000)
 Metaspace       used 71426K, committed 72896K, reserved 1114112K
  class space    used 7218K, committed 7936K, reserved 1048576K
}
Event: 6538.630 GC heap after
{Heap after GC invocations=377 (full 4):
 PSYoungGen      total 10240K, used 4736K [0x00000000d5580000, 0x00000000d6480000, 0x0000000100000000)
  eden space 5120K, 0% used [0x00000000d5580000,0x00000000d5580000,0x00000000d5a80000)
  from space 5120K, 92% used [0x00000000d5a80000,0x00000000d5f20000,0x00000000d5f80000)
  to   space 5120K, 0% used [0x00000000d5f80000,0x00000000d5f80000,0x00000000d6480000)
 ParOldGen       total 795648K, used 175130K [0x0000000080000000, 0x00000000b0900000, 0x00000000d5580000)
  object space 795648K, 22% used [0x0000000080000000,0x000000008ab06838,0x00000000b0900000)
 Metaspace       used 71426K, committed 72896K, reserved 1114112K
  class space    used 7218K, committed 7936K, reserved 1048576K
}

