# JRE version: OpenJDK Runtime Environment Temurin-21.0.9+10 (21.0.9+10) (build 21.0.9+10-LTS)
# Java VM: OpenJDK 64-Bit Server VM Temurin-21.0.9+10 (21.0.9+10-LTS, mixed mode, sharing, tiered, compressed oops, compressed class ptrs, parallel gc, windows-amd64)
GC Precious Log:
 CardTable entry size: 512
 CPUs: 4 total, 4 available
 Memory: 7885M
 Large Page Support: Disabled
 NUMA Support: Disabled
 Compressed Oops: Enabled (32-bit)
 Alignments: Space 512K, Generation 512K, Heap 2M
 Heap Min Capacity: 100M
 Heap Initial Capacity: 100M
 Heap Max Capacity: 2G
 Pre-touch: Disabled
 Parallel Workers: 4
Heap:
 PSYoungGen      total 2048K, used 1074K [0x00000000d5580000, 0x00000000d5d00000, 0x0000000100000000)
  eden space 1536K, 55% used [0x00000000d5580000,0x00000000d5654858,0x00000000d5700000)
  from space 512K, 43% used [0x00000000d5c80000,0x00000000d5cb8000,0x00000000d5d00000)
  to   space 512K, 0% used [0x00000000d5c00000,0x00000000d5c00000,0x00000000d5c80000)
 ParOldGen       total 529920K, used 529512K [0x0000000080000000, 0x00000000a0580000, 0x00000000d5580000)
  object space 529920K, 99% used [0x0000000080000000,0x00000000a051a020,0x00000000a0580000)
 Metaspace       used 77072K, committed 78720K, reserved 1179648K
  class space    used 7798K, committed 8512K, reserved 1048576K
GC Heap History (20 events):
Event: 1929.740 GC heap before
{Heap before GC invocations=600 (full 4):
 PSYoungGen      total 2048K, used 1792K [0x00000000d5580000, 0x00000000d5d00000, 0x0000000100000000)
  eden space 1536K, 100% used [0x00000000d5580000,0x00000000d5700000,0x00000000d5700000)
  from space 512K, 50% used [0x00000000d5c80000,0x00000000d5cc0000,0x00000000d5d00000)
  to   space 512K, 0% used [0x00000000d5c00000,0x00000000d5c00000,0x00000000d5c80000)
 ParOldGen       total 526848K, used 526633K [0x0000000080000000, 0x00000000a0280000, 0x00000000d5580000)
  object space 526848K, 99% used [0x0000000080000000,0x00000000a024a708,0x00000000a0280000)
 Metaspace       used 77022K, committed 78656K, reserved 1179648K
  class space    used 7798K, committed 8512K, reserved 1048576K
}
Event: 1929.742 GC heap after
{Heap after GC invocations=600 (full 4):
 PSYoungGen      total 2048K, used 416K [0x00000000d5580000, 0x00000000d5d00000, 0x0000000100000000)
  eden space 1536K, 0% used [0x00000000d5580000,0x00000000d5580000,0x00000000d5700000)
  from space 512K, 81% used [0x00000000d5c00000,0x00000000d5c68000,0x00000000d5c80000)
  to   space 512K, 0% used [0x00000000d5c80000,0x00000000d5c80000,0x00000000d5d00000)
 ParOldGen       total 526848K, used 526841K [0x0000000080000000, 0x00000000a0280000, 0x00000000d5580000)
  object space 526848K, 99% used [0x0000000080000000,0x00000000a027e708,0x00000000a0280000)
 Metaspace       used 77022K, committed 78656K, reserved 1179648K
  class space    used 7798K, committed 8512K, reserved 1048576K
}
Event: 1929.777 GC heap before
{Heap before GC invocations=601 (full 4):
 PSYoungGen      total 2048K, used 1952K [0x00000000d5580000, 0x00000000d5d00000, 0x0000000100000000)
  eden space 1536K, 100% used [0x00000000d5580000,0x00000000d5700000,0x00000000d5700000)
  from space 512K, 81% used [0x00000000d5c00000,0x00000000d5c68000,0x00000000d5c80000)
  to   space 512K, 0% used [0x00000000d5c80000,0x00000000d5c80000,0x00000000d5d00000)
 ParOldGen       total 526848K, used 526841K [0x0000000080000000, 0x00000000a0280000, 0x00000000d5580000)
  object space 526848K, 99% used [0x0000000080000000,0x00000000a027e708,0x00000000a0280000)
 Metaspace       used 77038K, committed 78656K, reserved 1179648K
  class space    used 7798K, committed 8512K, reserved 1048576K
}
Event: 1929.780 GC heap after
{Heap after GC invocations=601 (full 4):
 PSYoungGen      total 2048K, used 352K [0x00000000d5580000, 0x00000000d5d00000, 0x0000000100000000)
  eden space 1536K, 0% used [0x00000000d5580000,0x00000000d5580000,0x00000000d5700000)
  from space 512K, 68% used [0x00000000d5c80000,0x00000000d5cd8000,0x00000000d5d00000)
  to   space 512K, 0% used [0x00000000d5c00000,0x00000000d5c00000,0x00000000d5c80000)
 ParOldGen       total 527360K, used 527213K [0x0000000080000000, 0x00000000a0300000, 0x00000000d5580000)
  object space 527360K, 99% used [0x0000000080000000,0x00000000a02db728,0x00000000a0300000)
 Metaspace       used 77038K, committed 78656K, reserved 1179648K
  class space    used 7798K, committed 8512K, reserved 1048576K
}
Event: 1929.813 GC heap before
{Heap before GC invocations=602 (full 4):
 PSYoungGen      total 2048K, used 1888K [0x00000000d5580000, 0x00000000d5d00000, 0x0000000100000000)
  eden space 1536K, 100% used [0x00000000d5580000,0x00000000d5700000,0x00000000d5700000)
  from space 512K, 68% used [0x00000000d5c80000,0x00000000d5cd8000,0x00000000d5d00000)
  to   space 512K, 0% used [0x00000000d5c00000,0x00000000d5c00000,0x00000000d5c80000)
 ParOldGen       total 527360K, used 527213K [0x0000000080000000, 0x00000000a0300000, 0x00000000d5580000)
  object space 527360K, 99% used [0x0000000080000000,0x00000000a02db728,0x00000000a0300000)
 Metaspace       used 77041K, committed 78656K, reserved 1179648K
  class space    used 7798K, committed 8512K, reserved 1048576K
}
Event: 1929.815 GC heap after
{Heap after GC invocations=602 (full 4):
 PSYoungGen      total 2048K, used 404K [0x00000000d5580000, 0x00000000d5d00000, 0x0000000100000000)
  eden space 1536K, 0% used [0x00000000d5580000,0x00000000d5580000,0x00000000d5700000)
  from space 512K, 79% used [0x00000000d5c00000,0x00000000d5c65200,0x00000000d5c80000)
  to   space 512K, 0% used [0x00000000d5c80000,0x00000000d5c80000,0x00000000d5d00000)
 ParOldGen       total 527872K, used 527469K [0x0000000080000000, 0x00000000a0380000, 0x00000000d5580000)
  object space 527872K, 99% used [0x0000000080000000,0x00000000a031b728,0x00000000a0380000)
 Metaspace       used 77041K, committed 78656K, reserved 1179648K
  class space    used 7798K, committed 8512K, reserved 1048576K
}
Event: 1929.827 GC heap before
{Heap before GC invocations=603 (full 4):
 PSYoungGen      total 2048K, used 1940K [0x00000000d5580000, 0x00000000d5d00000, 0x0000000100000000)
  eden space 1536K, 100% used [0x00000000d5580000,0x00000000d5700000,0x00000000d5700000)
  from space 512K, 79% used [0x00000000d5c00000,0x00000000d5c65200,0x00000000d5c80000)
  to   space 512K, 0% used [0x00000000d5c80000,0x00000000d5c80000,0x00000000d5d00000)
 ParOldGen       total 527872K, used 527469K [0x0000000080000000, 0x00000000a0380000, 0x00000000d5580000)
  object space 527872K, 99% used [0x0000000080000000,0x00000000a031b728,0x00000000a0380000)
 Metaspace       used 77043K, committed 78656K, reserved 1179648K
  class space    used 7798K, committed 8512K, reserved 1048576K
}
Event: 1929.828 GC heap after
{Heap after GC invocations=603 (full 4):
 PSYoungGen      total 2048K, used 346K [0x00000000d5580000, 0x00000000d5d00000, 0x0000000100000000)
  eden space 1536K, 0% used [0x00000000d5580000,0x00000000d5580000,0x00000000d5700000)
  from space 512K, 67% used [0x00000000d5c80000,0x00000000d5cd6a08,0x00000000d5d00000)
  to   space 512K, 0% used [0x00000000d5c00000,0x00000000d5c00000,0x00000000d5c80000)
 ParOldGen       total 527872K, used 527828K [0x0000000080000000, 0x00000000a0380000, 0x00000000d5580000)
  object space 527872K, 99% used [0x0000000080000000,0x00000000a03752d8,0x00000000a0380000)
 Metaspace       used 77043K, committed 78656K, reserved 1179648K
  class space    used 7798K, committed 8512K, reserved 1048576K
}
Event: 1929.838 GC heap before
{Heap before GC invocations=604 (full 4):
 PSYoungGen      total 2048K, used 1882K [0x00000000d5580000, 0x00000000d5d00000, 0x0000000100000000)
  eden space 1536K, 100% used [0x00000000d5580000,0x00000000d5700000,0x00000000d5700000)
  from space 512K, 67% used [0x00000000d5c80000,0x00000000d5cd6a08,0x00000000d5d00000)
  to   space 512K, 0% used [0x00000000d5c00000,0x00000000d5c00000,0x00000000d5c80000)
 ParOldGen       total 527872K, used 527828K [0x0000000080000000, 0x00000000a0380000, 0x00000000d5580000)
  object space 527872K, 99% used [0x0000000080000000,0x00000000a03752d8,0x00000000a0380000)
 Metaspace       used 77044K, committed 78656K, reserved 1179648K
  class space    used 7798K, committed 8512K, reserved 1048576K
}
Event: 1929.840 GC heap after
{Heap after GC invocations=604 (full 4):
 PSYoungGen      total 2048K, used 320K [0x00000000d5580000, 0x00000000d5d00000, 0x0000000100000000)
  eden space 1536K, 0% used [0x00000000d5580000,0x00000000d5580000,0x00000000d5700000)
  from space 512K, 62% used [0x00000000d5c00000,0x00000000d5c50000,0x00000000d5c80000)
  to   space 512K, 0% used [0x00000000d5c80000,0x00000000d5c80000,0x00000000d5d00000)
 ParOldGen       total 528384K, used 528143K [0x0000000080000000, 0x00000000a0400000, 0x00000000d5580000)
  object space 528384K, 99% used [0x0000000080000000,0x00000000a03c3cf0,0x00000000a0400000)
 Metaspace       used 77044K, committed 78656K, reserved 1179648K
  class space    used 7798K, committed 8512K, reserved 1048576K
}
Event: 1929.848 GC heap before
{Heap before GC invocations=605 (full 4):
 PSYoungGen      total 2048K, used 1856K [0x00000000d5580000, 0x00000000d5d00000, 0x0000000100000000)
  eden space 1536K, 100% used [0x00000000d5580000,0x00000000d5700000,0x00000000d5700000)
  from space 512K, 62% used [0x00000000d5c00000,0x00000000d5c50000,0x00000000d5c80000)
  to   space 512K, 0% used [0x00000000d5c80000,0x00000000d5c80000,0x00000000d5d00000)
 ParOldGen       total 528384K, used 528143K [0x0000000080000000, 0x00000000a0400000, 0x00000000d5580000)
  object space 528384K, 99% used [0x0000000080000000,0x00000000a03c3cf0,0x00000000a0400000)
 Metaspace       used 77044K, committed 78656K, reserved 1179648K
  class space    used 7798K, committed 8512K, reserved 1048576K
}
Event: 1929.850 GC heap after
{Heap after GC invocations=605 (full 4):
 PSYoungGen      total 2048K, used 288K [0x00000000d5580000, 0x00000000d5d00000, 0x0000000100000000)
  eden space 1536K, 0% used [0x00000000d5580000,0x00000000d5580000,0x00000000d5700000)
  from space 512K, 56% used [0x00000000d5c80000,0x00000000d5cc8000,0x00000000d5d00000)
  to   space 512K, 0% used [0x00000000d5c00000,0x00000000d5c00000,0x00000000d5c80000)
 ParOldGen       total 528896K, used 528399K [0x0000000080000000, 0x00000000a0480000, 0x00000000d5580000)
  object space 528896K, 99% used [0x0000000080000000,0x00000000a0403d10,0x00000000a0480000)
 Metaspace       used 77044K, committed 78656K, reserved 1179648K
  class space    used 7798K, committed 8512K, reserved 1048576K
}
Event: 1929.861 GC heap before
{Heap before GC invocations=606 (full 4):
 PSYoungGen      total 2048K, used 1824K [0x00000000d5580000, 0x00000000d5d00000, 0x0000000100000000)
  eden space 1536K, 100% used [0x00000000d5580000,0x00000000d5700000,0x00000000d5700000)
  from space 512K, 56% used [0x00000000d5c80000,0x00000000d5cc8000,0x00000000d5d00000)
  to   space 512K, 0% used [0x00000000d5c00000,0x00000000d5c00000,0x00000000d5c80000)
 ParOldGen       total 528896K, used 528399K [0x0000000080000000, 0x00000000a0480000, 0x00000000d5580000)
  object space 528896K, 99% used [0x0000000080000000,0x00000000a0403d10,0x00000000a0480000)
 Metaspace       used 77044K, committed 78656K, reserved 1179648K
  class space    used 7798K, committed 8512K, reserved 1048576K
}
Event: 1929.863 GC heap after
{Heap after GC invocations=606 (full 4):
 PSYoungGen      total 2048K, used 416K [0x00000000d5580000, 0x00000000d5d00000, 0x0000000100000000)
  eden space 1536K, 0% used [0x00000000d5580000,0x00000000d5580000,0x00000000d5700000)
  from space 512K, 81% used [0x00000000d5c00000,0x00000000d5c68000,0x00000000d5c80000)
  to   space 512K, 0% used [0x00000000d5c80000,0x00000000d5c80000,0x00000000d5d00000)
 ParOldGen       total 528896K, used 528615K [0x0000000080000000, 0x00000000a0480000, 0x00000000d5580000)
  object space 528896K, 99% used [0x0000000080000000,0x00000000a0439d10,0x00000000a0480000)
 Metaspace       used 77044K, committed 78656K, reserved 1179648K
  class space    used 7798K, committed 8512K, reserved 1048576K
}
Event: 1929.882 GC heap before
{Heap before GC invocations=607 (full 4):
 PSYoungGen      total 2048K, used 1952K [0x00000000d5580000, 0x00000000d5d00000, 0x0000000100000000)
  eden space 1536K, 100% used [0x00000000d5580000,0x00000000d5700000,0x00000000d5700000)
  from space 512K, 81% used [0x00000000d5c00000,0x00000000d5c68000,0x00000000d5c80000)
  to   space 512K, 0% used [0x00000000d5c80000,0x00000000d5c80000,0x00000000d5d00000)
 ParOldGen       total 528896K, used 528615K [0x0000000080000000, 0x00000000a0480000, 0x00000000d5580000)
  object space 528896K, 99% used [0x0000000080000000,0x00000000a0439d10,0x00000000a0480000)
 Metaspace       used 77046K, committed 78656K, reserved 1179648K
  class space    used 7798K, committed 8512K, reserved 1048576K
}
Event: 1929.885 GC heap after
{Heap after GC invocations=607 (full 4):
 PSYoungGen      total 2048K, used 352K [0x00000000d5580000, 0x00000000d5d00000, 0x0000000100000000)
  eden space 1536K, 0% used [0x00000000d5580000,0x00000000d5580000,0x00000000d5700000)
  from space 512K, 68% used [0x00000000d5c80000,0x00000000d5cd8000,0x00000000d5d00000)
  to   space 512K, 0% used [0x00000000d5c00000,0x00000000d5c00000,0x00000000d5c80000)
 ParOldGen       total 529408K, used 528959K [0x0000000080000000, 0x00000000a0500000, 0x00000000d5580000)
  object space 529408K, 99% used [0x0000000080000000,0x00000000a048fd10,0x00000000a0500000)
 Metaspace       used 77046K, committed 78656K, reserved 1179648K
  class space    used 7798K, committed 8512K, reserved 1048576K
}
Event: 2106.346 GC heap before
{Heap before GC invocations=608 (full 4):
 PSYoungGen      total 2048K, used 1887K [0x00000000d5580000, 0x00000000d5d00000, 0x0000000100000000)
  eden space 1536K, 99% used [0x00000000d5580000,0x00000000d56ffff8,0x00000000d5700000)
  from space 512K, 68% used [0x00000000d5c80000,0x00000000d5cd8000,0x00000000d5d00000)
  to   space 512K, 0% used [0x00000000d5c00000,0x00000000d5c00000,0x00000000d5c80000)
 ParOldGen       total 529408K, used 528959K [0x0000000080000000, 0x00000000a0500000, 0x00000000d5580000)
  object space 529408K, 99% used [0x0000000080000000,0x00000000a048fd10,0x00000000a0500000)
 Metaspace       used 77058K, committed 78656K, reserved 1179648K
  class space    used 7798K, committed 8512K, reserved 1048576K
}
Event: 2106.349 GC heap after
{Heap after GC invocations=608 (full 4):
 PSYoungGen      total 2048K, used 384K [0x00000000d5580000, 0x00000000d5d00000, 0x0000000100000000)
  eden space 1536K, 0% used [0x00000000d5580000,0x00000000d5580000,0x00000000d5700000)
  from space 512K, 75% used [0x00000000d5c00000,0x00000000d5c60000,0x00000000d5c80000)
  to   space 512K, 0% used [0x00000000d5c80000,0x00000000d5c80000,0x00000000d5d00000)
 ParOldGen       total 529408K, used 529207K [0x0000000080000000, 0x00000000a0500000, 0x00000000d5580000)
  object space 529408K, 99% used [0x0000000080000000,0x00000000a04cdd10,0x00000000a0500000)
 Metaspace       used 77058K, committed 78656K, reserved 1179648K
  class space    used 7798K, committed 8512K, reserved 1048576K
}
Event: 2227.075 GC heap before
{Heap before GC invocations=609 (full 4):
 PSYoungGen      total 2048K, used 1919K [0x00000000d5580000, 0x00000000d5d00000, 0x0000000100000000)
  eden space 1536K, 99% used [0x00000000d5580000,0x00000000d56fffc8,0x00000000d5700000)
  from space 512K, 75% used [0x00000000d5c00000,0x00000000d5c60000,0x00000000d5c80000)
  to   space 512K, 0% used [0x00000000d5c80000,0x00000000d5c80000,0x00000000d5d00000)
 ParOldGen       total 529408K, used 529207K [0x0000000080000000, 0x00000000a0500000, 0x00000000d5580000)
  object space 529408K, 99% used [0x0000000080000000,0x00000000a04cdd10,0x00000000a0500000)
 Metaspace       used 77071K, committed 78720K, reserved 1179648K
  class space    used 7798K, committed 8512K, reserved 1048576K
}
Event: 2227.078 GC heap after
{Heap after GC invocations=609 (full 4):
 PSYoungGen      total 2048K, used 224K [0x00000000d5580000, 0x00000000d5d00000, 0x0000000100000000)
  eden space 1536K, 0% used [0x00000000d5580000,0x00000000d5580000,0x00000000d5700000)
  from space 512K, 43% used [0x00000000d5c80000,0x00000000d5cb8000,0x00000000d5d00000)
  to   space 512K, 0% used [0x00000000d5c00000,0x00000000d5c00000,0x00000000d5c80000)
 ParOldGen       total 529920K, used 529512K [0x0000000080000000, 0x00000000a0580000, 0x00000000d5580000)
  object space 529920K, 99% used [0x0000000080000000,0x00000000a051a020,0x00000000a0580000)
 Metaspace       used 77071K, committed 78720K, reserved 1179648K
  class space    used 7798K, committed 8512K, reserved 1048576K
}

