# JRE version: OpenJDK Runtime Environment Temurin-21.0.9+10 (21.0.9+10) (build 21.0.9+10-LTS)
# Java VM: OpenJDK 64-Bit Server VM Temurin-21.0.9+10 (21.0.9+10-LTS, mixed mode, sharing, tiered, compressed oops, compressed class ptrs, parallel gc, windows-amd64)
GC Precious Log:
 CardTable entry size: 512
 CPUs: 4 total, 4 available
 Memory: 7885M
 Large Page Support: Disabled
 NUMA Support: Disabled
 Compressed Oops: Enabled (32-bit)
 Alignments: Space 512K, Generation 512K, Heap 2M
 Heap Min Capacity: 100M
 Heap Initial Capacity: 100M
 Heap Max Capacity: 2G
 Pre-touch: Disabled
 Parallel Workers: 4
Heap:
 PSYoungGen      total 7168K, used 991K [0x00000000d5580000, 0x00000000d5f00000, 0x0000000100000000)
  eden space 6656K, 11% used [0x00000000d5580000,0x00000000d5637e70,0x00000000d5c00000)
  from space 512K, 50% used [0x00000000d5e80000,0x00000000d5ec0020,0x00000000d5f00000)
  to   space 512K, 0% used [0x00000000d5e00000,0x00000000d5e00000,0x00000000d5e80000)
 ParOldGen       total 280064K, used 80663K [0x0000000080000000, 0x0000000091180000, 0x00000000d5580000)
  object space 280064K, 28% used [0x0000000080000000,0x0000000084ec5d10,0x0000000091180000)
 Metaspace       used 74910K, committed 76352K, reserved 1179648K
  class space    used 7563K, committed 8192K, reserved 1048576K
GC Heap History (20 events):
Event: 6568.521 GC heap before
{Heap before GC invocations=173 (full 4):
 PSYoungGen      total 7168K, used 6900K [0x00000000d5580000, 0x00000000d6100000, 0x0000000100000000)
  eden space 6656K, 100% used [0x00000000d5580000,0x00000000d5c00000,0x00000000d5c00000)
  from space 512K, 47% used [0x00000000d6080000,0x00000000d60bd220,0x00000000d6100000)
  to   space 512K, 0% used [0x00000000d6000000,0x00000000d6000000,0x00000000d6080000)
 ParOldGen       total 280064K, used 70481K [0x0000000080000000, 0x0000000091180000, 0x00000000d5580000)
  object space 280064K, 25% used [0x0000000080000000,0x00000000844d46b0,0x0000000091180000)
 Metaspace       used 74633K, committed 76032K, reserved 1179648K
  class space    used 7544K, committed 8192K, reserved 1048576K
}
Event: 6568.534 GC heap after
{Heap after GC invocations=173 (full 4):
 PSYoungGen      total 7168K, used 498K [0x00000000d5580000, 0x00000000d6600000, 0x0000000100000000)
  eden space 6656K, 0% used [0x00000000d5580000,0x00000000d5580000,0x00000000d5c00000)
  from space 512K, 97% used [0x00000000d6000000,0x00000000d607cb78,0x00000000d6080000)
  to   space 5120K, 0% used [0x00000000d6100000,0x00000000d6100000,0x00000000d6600000)
 ParOldGen       total 280064K, used 73969K [0x0000000080000000, 0x0000000091180000, 0x00000000d5580000)
  object space 280064K, 26% used [0x0000000080000000,0x000000008483c448,0x0000000091180000)
 Metaspace       used 74633K, committed 76032K, reserved 1179648K
  class space    used 7544K, committed 8192K, reserved 1048576K
}
Event: 6568.558 GC heap before
{Heap before GC invocations=174 (full 4):
 PSYoungGen      total 7168K, used 7154K [0x00000000d5580000, 0x00000000d6600000, 0x0000000100000000)
  eden space 6656K, 100% used [0x00000000d5580000,0x00000000d5c00000,0x00000000d5c00000)
  from space 512K, 97% used [0x00000000d6000000,0x00000000d607cb78,0x00000000d6080000)
  to   space 5120K, 0% used [0x00000000d6100000,0x00000000d6100000,0x00000000d6600000)
 ParOldGen       total 280064K, used 73969K [0x0000000080000000, 0x0000000091180000, 0x00000000d5580000)
  object space 280064K, 26% used [0x0000000080000000,0x000000008483c448,0x0000000091180000)
 Metaspace       used 74659K, committed 76096K, reserved 1179648K
  class space    used 7553K, committed 8192K, reserved 1048576K
}
Event: 6568.565 GC heap after
{Heap after GC invocations=174 (full 4):
 PSYoungGen      total 11776K, used 4708K [0x00000000d5580000, 0x00000000d6600000, 0x0000000100000000)
  eden space 6656K, 0% used [0x00000000d5580000,0x00000000d5580000,0x00000000d5c00000)
  from space 5120K, 91% used [0x00000000d6100000,0x00000000d6599210,0x00000000d6600000)
  to   space 5120K, 0% used [0x00000000d5c00000,0x00000000d5c00000,0x00000000d6100000)
 ParOldGen       total 280064K, used 74487K [0x0000000080000000, 0x0000000091180000, 0x00000000d5580000)
  object space 280064K, 26% used [0x0000000080000000,0x00000000848bdf40,0x0000000091180000)
 Metaspace       used 74659K, committed 76096K, reserved 1179648K
  class space    used 7553K, committed 8192K, reserved 1048576K
}
Event: 6568.714 GC heap before
{Heap before GC invocations=175 (full 4):
 PSYoungGen      total 11776K, used 11364K [0x00000000d5580000, 0x00000000d6600000, 0x0000000100000000)
  eden space 6656K, 100% used [0x00000000d5580000,0x00000000d5c00000,0x00000000d5c00000)
  from space 5120K, 91% used [0x00000000d6100000,0x00000000d6599210,0x00000000d6600000)
  to   space 5120K, 0% used [0x00000000d5c00000,0x00000000d5c00000,0x00000000d6100000)
 ParOldGen       total 280064K, used 74487K [0x0000000080000000, 0x0000000091180000, 0x00000000d5580000)
  object space 280064K, 26% used [0x0000000080000000,0x00000000848bdf40,0x0000000091180000)
 Metaspace       used 74698K, committed 76096K, reserved 1179648K
  class space    used 7556K, committed 8192K, reserved 1048576K
}
Event: 6568.732 GC heap after
{Heap after GC invocations=175 (full 4):
 PSYoungGen      total 7680K, used 585K [0x00000000d5580000, 0x00000000d6180000, 0x0000000100000000)
  eden space 6656K, 0% used [0x00000000d5580000,0x00000000d5580000,0x00000000d5c00000)
  from space 1024K, 57% used [0x00000000d5c00000,0x00000000d5c92400,0x00000000d5d00000)
  to   space 2560K, 0% used [0x00000000d5f00000,0x00000000d5f00000,0x00000000d6180000)
 ParOldGen       total 280064K, used 78847K [0x0000000080000000, 0x0000000091180000, 0x00000000d5580000)
  object space 280064K, 28% used [0x0000000080000000,0x0000000084cfff40,0x0000000091180000)
 Metaspace       used 74698K, committed 76096K, reserved 1179648K
  class space    used 7556K, committed 8192K, reserved 1048576K
}
Event: 6568.780 GC heap before
{Heap before GC invocations=176 (full 4):
 PSYoungGen      total 7680K, used 7241K [0x00000000d5580000, 0x00000000d6180000, 0x0000000100000000)
  eden space 6656K, 100% used [0x00000000d5580000,0x00000000d5c00000,0x00000000d5c00000)
  from space 1024K, 57% used [0x00000000d5c00000,0x00000000d5c92400,0x00000000d5d00000)
  to   space 2560K, 0% used [0x00000000d5f00000,0x00000000d5f00000,0x00000000d6180000)
 ParOldGen       total 280064K, used 78847K [0x0000000080000000, 0x0000000091180000, 0x00000000d5580000)
  object space 280064K, 28% used [0x0000000080000000,0x0000000084cfff40,0x0000000091180000)
 Metaspace       used 74712K, committed 76096K, reserved 1179648K
  class space    used 7557K, committed 8192K, reserved 1048576K
}
Event: 6568.784 GC heap after
{Heap after GC invocations=176 (full 4):
 PSYoungGen      total 7680K, used 736K [0x00000000d5580000, 0x00000000d6000000, 0x0000000100000000)
  eden space 6656K, 0% used [0x00000000d5580000,0x00000000d5580000,0x00000000d5c00000)
  from space 1024K, 71% used [0x00000000d5f00000,0x00000000d5fb8000,0x00000000d6000000)
  to   space 1024K, 0% used [0x00000000d5c00000,0x00000000d5c00000,0x00000000d5d00000)
 ParOldGen       total 280064K, used 79333K [0x0000000080000000, 0x0000000091180000, 0x00000000d5580000)
  object space 280064K, 28% used [0x0000000080000000,0x0000000084d79458,0x0000000091180000)
 Metaspace       used 74712K, committed 76096K, reserved 1179648K
  class space    used 7557K, committed 8192K, reserved 1048576K
}
Event: 6934.353 GC heap before
{Heap before GC invocations=177 (full 4):
 PSYoungGen      total 7680K, used 7391K [0x00000000d5580000, 0x00000000d6000000, 0x0000000100000000)
  eden space 6656K, 99% used [0x00000000d5580000,0x00000000d5bfffa8,0x00000000d5c00000)
  from space 1024K, 71% used [0x00000000d5f00000,0x00000000d5fb8000,0x00000000d6000000)
  to   space 1024K, 0% used [0x00000000d5c00000,0x00000000d5c00000,0x00000000d5d00000)
 ParOldGen       total 280064K, used 79333K [0x0000000080000000, 0x0000000091180000, 0x00000000d5580000)
  object space 280064K, 28% used [0x0000000080000000,0x0000000084d79458,0x0000000091180000)
 Metaspace       used 74830K, committed 76224K, reserved 1179648K
  class space    used 7563K, committed 8192K, reserved 1048576K
}
Event: 6934.370 GC heap after
{Heap after GC invocations=177 (full 4):
 PSYoungGen      total 7680K, used 594K [0x00000000d5580000, 0x00000000d5f80000, 0x0000000100000000)
  eden space 6656K, 0% used [0x00000000d5580000,0x00000000d5580000,0x00000000d5c00000)
  from space 1024K, 58% used [0x00000000d5c00000,0x00000000d5c948b8,0x00000000d5d00000)
  to   space 1024K, 0% used [0x00000000d5e80000,0x00000000d5e80000,0x00000000d5f80000)
 ParOldGen       total 280064K, used 79981K [0x0000000080000000, 0x0000000091180000, 0x00000000d5580000)
  object space 280064K, 28% used [0x0000000080000000,0x0000000084e1b458,0x0000000091180000)
 Metaspace       used 74830K, committed 76224K, reserved 1179648K
  class space    used 7563K, committed 8192K, reserved 1048576K
}
Event: 7026.179 GC heap before
{Heap before GC invocations=178 (full 4):
 PSYoungGen      total 7680K, used 7250K [0x00000000d5580000, 0x00000000d5f80000, 0x0000000100000000)
  eden space 6656K, 100% used [0x00000000d5580000,0x00000000d5c00000,0x00000000d5c00000)
  from space 1024K, 58% used [0x00000000d5c00000,0x00000000d5c948b8,0x00000000d5d00000)
  to   space 1024K, 0% used [0x00000000d5e80000,0x00000000d5e80000,0x00000000d5f80000)
 ParOldGen       total 280064K, used 79981K [0x0000000080000000, 0x0000000091180000, 0x00000000d5580000)
  object space 280064K, 28% used [0x0000000080000000,0x0000000084e1b458,0x0000000091180000)
 Metaspace       used 74838K, committed 76224K, reserved 1179648K
  class space    used 7563K, committed 8192K, reserved 1048576K
}
Event: 7026.187 GC heap after
{Heap after GC invocations=178 (full 4):
 PSYoungGen      total 7168K, used 400K [0x00000000d5580000, 0x00000000d5f00000, 0x0000000100000000)
  eden space 6656K, 0% used [0x00000000d5580000,0x00000000d5580000,0x00000000d5c00000)
  from space 512K, 78% used [0x00000000d5e80000,0x00000000d5ee4010,0x00000000d5f00000)
  to   space 512K, 0% used [0x00000000d5e00000,0x00000000d5e00000,0x00000000d5e80000)
 ParOldGen       total 280064K, used 80527K [0x0000000080000000, 0x0000000091180000, 0x00000000d5580000)
  object space 280064K, 28% used [0x0000000080000000,0x0000000084ea3d10,0x0000000091180000)
 Metaspace       used 74838K, committed 76224K, reserved 1179648K
  class space    used 7563K, committed 8192K, reserved 1048576K
}
Event: 7048.093 GC heap before
{Heap before GC invocations=179 (full 4):
 PSYoungGen      total 7168K, used 7056K [0x00000000d5580000, 0x00000000d5f00000, 0x0000000100000000)
  eden space 6656K, 100% used [0x00000000d5580000,0x00000000d5c00000,0x00000000d5c00000)
  from space 512K, 78% used [0x00000000d5e80000,0x00000000d5ee4010,0x00000000d5f00000)
  to   space 512K, 0% used [0x00000000d5e00000,0x00000000d5e00000,0x00000000d5e80000)
 ParOldGen       total 280064K, used 80527K [0x0000000080000000, 0x0000000091180000, 0x00000000d5580000)
  object space 280064K, 28% used [0x0000000080000000,0x0000000084ea3d10,0x0000000091180000)
 Metaspace       used 74843K, committed 76224K, reserved 1179648K
  class space    used 7563K, committed 8192K, reserved 1048576K
}
Event: 7048.096 GC heap after
{Heap after GC invocations=179 (full 4):
 PSYoungGen      total 7168K, used 224K [0x00000000d5580000, 0x00000000d5f00000, 0x0000000100000000)
  eden space 6656K, 0% used [0x00000000d5580000,0x00000000d5580000,0x00000000d5c00000)
  from space 512K, 43% used [0x00000000d5e00000,0x00000000d5e38000,0x00000000d5e80000)
  to   space 512K, 0% used [0x00000000d5e80000,0x00000000d5e80000,0x00000000d5f00000)
 ParOldGen       total 280064K, used 80551K [0x0000000080000000, 0x0000000091180000, 0x00000000d5580000)
  object space 280064K, 28% used [0x0000000080000000,0x0000000084ea9d10,0x0000000091180000)
 Metaspace       used 74843K, committed 76224K, reserved 1179648K
  class space    used 7563K, committed 8192K, reserved 1048576K
}
Event: 7059.186 GC heap before
{Heap before GC invocations=180 (full 4):
 PSYoungGen      total 7168K, used 6880K [0x00000000d5580000, 0x00000000d5f00000, 0x0000000100000000)
  eden space 6656K, 100% used [0x00000000d5580000,0x00000000d5c00000,0x00000000d5c00000)
  from space 512K, 43% used [0x00000000d5e00000,0x00000000d5e38000,0x00000000d5e80000)
  to   space 512K, 0% used [0x00000000d5e80000,0x00000000d5e80000,0x00000000d5f00000)
 ParOldGen       total 280064K, used 80551K [0x0000000080000000, 0x0000000091180000, 0x00000000d5580000)
  object space 280064K, 28% used [0x0000000080000000,0x0000000084ea9d10,0x0000000091180000)
 Metaspace       used 74859K, committed 76288K, reserved 1179648K
  class space    used 7563K, committed 8192K, reserved 1048576K
}
Event: 7059.186 GC heap after
{Heap after GC invocations=180 (full 4):
 PSYoungGen      total 7168K, used 224K [0x00000000d5580000, 0x00000000d5f00000, 0x0000000100000000)
  eden space 6656K, 0% used [0x00000000d5580000,0x00000000d5580000,0x00000000d5c00000)
  from space 512K, 43% used [0x00000000d5e80000,0x00000000d5eb8000,0x00000000d5f00000)
  to   space 512K, 0% used [0x00000000d5e00000,0x00000000d5e00000,0x00000000d5e80000)
 ParOldGen       total 280064K, used 80583K [0x0000000080000000, 0x0000000091180000, 0x00000000d5580000)
  object space 280064K, 28% used [0x0000000080000000,0x0000000084eb1d10,0x0000000091180000)
 Metaspace       used 74859K, committed 76288K, reserved 1179648K
  class space    used 7563K, committed 8192K, reserved 1048576K
}
Event: 7070.655 GC heap before
{Heap before GC invocations=181 (full 4):
 PSYoungGen      total 7168K, used 6880K [0x00000000d5580000, 0x00000000d5f00000, 0x0000000100000000)
  eden space 6656K, 100% used [0x00000000d5580000,0x00000000d5c00000,0x00000000d5c00000)
  from space 512K, 43% used [0x00000000d5e80000,0x00000000d5eb8000,0x00000000d5f00000)
  to   space 512K, 0% used [0x00000000d5e00000,0x00000000d5e00000,0x00000000d5e80000)
 ParOldGen       total 280064K, used 80583K [0x0000000080000000, 0x0000000091180000, 0x00000000d5580000)
  object space 280064K, 28% used [0x0000000080000000,0x0000000084eb1d10,0x0000000091180000)
 Metaspace       used 74871K, committed 76288K, reserved 1179648K
  class space    used 7563K, committed 8192K, reserved 1048576K
}
Event: 7070.656 GC heap after
{Heap after GC invocations=181 (full 4):
 PSYoungGen      total 7168K, used 192K [0x00000000d5580000, 0x00000000d5f00000, 0x0000000100000000)
  eden space 6656K, 0% used [0x00000000d5580000,0x00000000d5580000,0x00000000d5c00000)
  from space 512K, 37% used [0x00000000d5e00000,0x00000000d5e30000,0x00000000d5e80000)
  to   space 512K, 0% used [0x00000000d5e80000,0x00000000d5e80000,0x00000000d5f00000)
 ParOldGen       total 280064K, used 80607K [0x0000000080000000, 0x0000000091180000, 0x00000000d5580000)
  object space 280064K, 28% used [0x0000000080000000,0x0000000084eb7d10,0x0000000091180000)
 Metaspace       used 74871K, committed 76288K, reserved 1179648K
  class space    used 7563K, committed 8192K, reserved 1048576K
}
Event: 7234.741 GC heap before
{Heap before GC invocations=182 (full 4):
 PSYoungGen      total 7168K, used 6839K [0x00000000d5580000, 0x00000000d5f00000, 0x0000000100000000)
  eden space 6656K, 99% used [0x00000000d5580000,0x00000000d5bfdfe0,0x00000000d5c00000)
  from space 512K, 37% used [0x00000000d5e00000,0x00000000d5e30000,0x00000000d5e80000)
  to   space 512K, 0% used [0x00000000d5e80000,0x00000000d5e80000,0x00000000d5f00000)
 ParOldGen       total 280064K, used 80607K [0x0000000080000000, 0x0000000091180000, 0x00000000d5580000)
  object space 280064K, 28% used [0x0000000080000000,0x0000000084eb7d10,0x0000000091180000)
 Metaspace       used 74886K, committed 76288K, reserved 1179648K
  class space    used 7563K, committed 8192K, reserved 1048576K
}
Event: 7234.747 GC heap after
{Heap after GC invocations=182 (full 4):
 PSYoungGen      total 7168K, used 256K [0x00000000d5580000, 0x00000000d5f00000, 0x0000000100000000)
  eden space 6656K, 0% used [0x00000000d5580000,0x00000000d5580000,0x00000000d5c00000)
  from space 512K, 50% used [0x00000000d5e80000,0x00000000d5ec0020,0x00000000d5f00000)
  to   space 512K, 0% used [0x00000000d5e00000,0x00000000d5e00000,0x00000000d5e80000)
 ParOldGen       total 280064K, used 80663K [0x0000000080000000, 0x0000000091180000, 0x00000000d5580000)
  object space 280064K, 28% used [0x0000000080000000,0x0000000084ec5d10,0x0000000091180000)
 Metaspace       used 74886K, committed 76288K, reserved 1179648K
  class space    used 7563K, committed 8192K, reserved 1048576K
}

